<?xml version="1.0" encoding="UTF-8"?>
<!-- Generated by org.testng.reporters.JUnitReportReporter -->
<testsuite hostname="Sahil-Dell" failures="0" tests="2" name="com.cyient.test.LoginTest" time="17.785" errors="0" timestamp="2021-06-08T12:50:08 IST" skipped="0">
  <testcase classname="com.cyient.test.LoginTest" name="invalidCredentialTest" time="9.344"/>
  <system-out/>
  <testcase classname="com.cyient.test.LoginTest" name="invalidCredentialTest" time="8.441"/>
  <system-out/>
</testsuite> <!-- com.cyient.test.LoginTest -->
