<?xml version="1.0" encoding="UTF-8"?>
<!-- Generated by org.testng.reporters.JUnitReportReporter -->
<testsuite hostname="Sahil-Dell" failures="0" tests="2" name="com.cyient.test.LoginTest" time="22.011" errors="0" timestamp="2021-06-09T12:10:00 IST" skipped="0">
  <testcase classname="com.cyient.test.LoginTest" name="validCredentialTest" time="10.829"/>
  <system-out/>
  <testcase classname="com.cyient.test.LoginTest" name="validCredentialTest" time="11.182"/>
  <system-out/>
</testsuite> <!-- com.cyient.test.LoginTest -->
